sending incremental file list
created directory ../BACKUPS/current
BASH/
BASH/LICENSE
BASH/README.md
BASH/arguements
BASH/backup
BASH/backup_2026-03-17.log
BASH/bomb.webp
BASH/case_statements
BASH/exit_codes
BASH/for_loop
BASH/for_loop2
BASH/functions
BASH/if_2
BASH/if_coderunner
BASH/if_statements
BASH/logs.txt
BASH/myfile
BASH/scheduler
BASH/scheduler_2
BASH/variables.sh
BASH/while_loops
BASH/.git/
BASH/.git/COMMIT_EDITMSG
BASH/.git/FETCH_HEAD
BASH/.git/HEAD
BASH/.git/ORIG_HEAD
BASH/.git/config
BASH/.git/description
BASH/.git/index
BASH/.git/branches/
BASH/.git/hooks/
BASH/.git/hooks/applypatch-msg.sample
BASH/.git/hooks/commit-msg.sample
BASH/.git/hooks/fsmonitor-watchman.sample
BASH/.git/hooks/post-update.sample
BASH/.git/hooks/pre-applypatch.sample
BASH/.git/hooks/pre-commit.sample
BASH/.git/hooks/pre-merge-commit.sample
BASH/.git/hooks/pre-push.sample
BASH/.git/hooks/pre-rebase.sample
BASH/.git/hooks/pre-receive.sample
BASH/.git/hooks/prepare-commit-msg.sample
BASH/.git/hooks/push-to-checkout.sample
BASH/.git/hooks/sendemail-validate.sample
BASH/.git/hooks/update.sample
BASH/.git/info/
BASH/.git/info/exclude
BASH/.git/logs/
BASH/.git/logs/HEAD
BASH/.git/logs/refs/
BASH/.git/logs/refs/heads/
BASH/.git/logs/refs/heads/main
BASH/.git/logs/refs/remotes/
BASH/.git/logs/refs/remotes/origin/
BASH/.git/logs/refs/remotes/origin/main
BASH/.git/objects/
BASH/.git/objects/04/
BASH/.git/objects/04/05eb0b5ec755d1aee90336391307e518076dcd
BASH/.git/objects/06/
BASH/.git/objects/06/45f7a162c08e9d07f9ebb0042ba274d065ad23
BASH/.git/objects/06/ae62c437fa8287f62bdc17bd47a66232263c2d
BASH/.git/objects/09/
BASH/.git/objects/09/adbe9f9dcde5efcaa3838174974789b5b2e266
BASH/.git/objects/0d/
BASH/.git/objects/0d/e891e4848a80fbe520645d03e7136eb1fd4bad
BASH/.git/objects/10/
BASH/.git/objects/10/2dd64449efe98a2f75666f1eb5ae22713a4182
BASH/.git/objects/10/6fe75a4b53eb04b8a811218b6f53d500c1d3df
BASH/.git/objects/14/
BASH/.git/objects/14/19fdba198c2ad763ee5e682a97d7fbdb173d85
BASH/.git/objects/16/
BASH/.git/objects/16/a61f73df7fc3cfdea96d6a01c2dc59d1e082ea
BASH/.git/objects/17/
BASH/.git/objects/17/4dace95290b79e4934c3ec052f7ad4ac24ea68
BASH/.git/objects/1b/
BASH/.git/objects/1b/f283c5f808a18e6971e19f1a6537c085f457dc
BASH/.git/objects/1c/
BASH/.git/objects/1c/22ec41d6db0ad2343b42134ce3b0071403cfa9
BASH/.git/objects/25/
BASH/.git/objects/25/2e1945713f99b5d136858a738af90b12b6c611
BASH/.git/objects/29/
BASH/.git/objects/29/322eb5bef4b2d654bdbc9f62c878d028a95b59
BASH/.git/objects/36/
BASH/.git/objects/36/1d385bfd374a20f4a754ec38a0cb1c2c826f7b
BASH/.git/objects/3a/
BASH/.git/objects/3a/c9049431eb140e2b09be24c524b70f34995467
BASH/.git/objects/4e/
BASH/.git/objects/4e/174835355d6053d9a242f70e10ddbbf59c5978
BASH/.git/objects/4e/227615a34209ebdc10ebc7627e16936a6b217e
BASH/.git/objects/4e/a753fb37d249e8bb9097812943b59c17331850
BASH/.git/objects/50/
BASH/.git/objects/50/a6dac8f1c408f7312fffc2b630ca10735504b9
BASH/.git/objects/5a/
BASH/.git/objects/5a/e47c9b3f5f4a681ccc6e9dc72e6eea7e8a66e8
BASH/.git/objects/5f/
BASH/.git/objects/5f/d2d5c94a09bc9913dd48f31a361eb1aae6d0e5
BASH/.git/objects/63/
BASH/.git/objects/63/1f7f430cd84efb095cddb4c8899f0270249cf6
BASH/.git/objects/66/
BASH/.git/objects/66/de571c299a3a7c094aa67656b4bcf822f903bc
BASH/.git/objects/6a/
BASH/.git/objects/6a/0e7965478d8e0f661b520d88ddd8cc3222a2ba
BASH/.git/objects/6a/d0a0ae7fdc0150a016cc59f6d5d019ba5ed651
BASH/.git/objects/6f/
BASH/.git/objects/6f/8813107ba7409aa9bc1dcc49afdb53899d3e97
BASH/.git/objects/7b/
BASH/.git/objects/7b/26a2aa4e23c07cb13c1c1749056dd3d8dceb97
BASH/.git/objects/7c/
BASH/.git/objects/7c/880f0e66af53fff492d0fb081c6a2784d63a75
BASH/.git/objects/93/
BASH/.git/objects/93/a3ec401f661d8f13282bdcf6be4992e6a41849
BASH/.git/objects/98/
BASH/.git/objects/98/292656bff55ea6c07cbd33b946dcd64efe953d
BASH/.git/objects/9a/
BASH/.git/objects/9a/43855db87287432365702965e60bc84342e6c1
BASH/.git/objects/9c/
BASH/.git/objects/9c/9762028d67ac6776ac0fc4cdf2aee6d52438d3
BASH/.git/objects/9e/
BASH/.git/objects/9e/5d57a1e9d29241e41c15003557e9891bfa08ea
BASH/.git/objects/a3/
BASH/.git/objects/a3/9c6af156c2b2d5acd44a301a4c6b5cae583395
BASH/.git/objects/aa/
BASH/.git/objects/aa/1fc818b9670148966a07a0993e4e6ad26c9f58
BASH/.git/objects/af/
BASH/.git/objects/af/99a280b3aa00e921cf788f31ef27b015367f5b
BASH/.git/objects/b3/
BASH/.git/objects/b3/d89df255004eb44d58b4fbb7ff9136fc57c7fd
BASH/.git/objects/b5/
BASH/.git/objects/b5/28e4314e80d14e7bc4a8f730f6e370b7f35ee5
BASH/.git/objects/ba/
BASH/.git/objects/ba/e3aae5fe859b567e1b93a71f630d90b29952b2
BASH/.git/objects/be/
BASH/.git/objects/be/9f68aa04bdf84c014ccc054de5b1f392e52c2f
BASH/.git/objects/ce/
BASH/.git/objects/ce/3914fb25e3fe3c5911534c9d07110a4a32db98
BASH/.git/objects/ce/797e7c7b84c8133d49b62ab342517b49cf20a5
BASH/.git/objects/d5/
BASH/.git/objects/d5/6cd7df6d2427eb06e53b394763da26ad901481
BASH/.git/objects/dd/
BASH/.git/objects/dd/4a10493d80b84956cfdfebda9d473abfe05367
BASH/.git/objects/e0/
BASH/.git/objects/e0/17c14597156554a3cbcba34caab4f79db01487
BASH/.git/objects/e5/
BASH/.git/objects/e5/309f6b3c54e368f1191d63f39ae9a42a37e099
BASH/.git/objects/e6/
BASH/.git/objects/e6/9de29bb2d1d6434b8b29ae775ad8c2e48c5391
BASH/.git/objects/e7/
BASH/.git/objects/e7/ec2fe5acae1c04579525482110f6057007b1f1
BASH/.git/objects/ef/
BASH/.git/objects/ef/bf1aec73c87bf3127f798c1031358c27bbfa57
BASH/.git/objects/f7/
BASH/.git/objects/f7/a288340706ce68e62bccc8afd9dc22189910c8
BASH/.git/objects/info/
BASH/.git/objects/pack/
BASH/.git/refs/
BASH/.git/refs/heads/
BASH/.git/refs/heads/main
BASH/.git/refs/remotes/
BASH/.git/refs/remotes/origin/
BASH/.git/refs/remotes/origin/main
BASH/.git/refs/tags/

sent 6,236 bytes  received 603 bytes  13,678.00 bytes/sec
total size is 69,960  speedup is 10.23 (DRY RUN)
sending incremental file list
created directory ../BACKUPS/current
BASH/
BASH/LICENSE
BASH/README.md
BASH/arguements
BASH/backup
BASH/backup_2026-03-17.log
BASH/bomb.webp
BASH/case_statements
BASH/exit_codes
BASH/for_loop
BASH/for_loop2
BASH/functions
BASH/if_2
BASH/if_coderunner
BASH/if_statements
BASH/logs.txt
BASH/myfile
BASH/scheduler
BASH/scheduler_2
BASH/variables.sh
BASH/while_loops
BASH/.git/
BASH/.git/COMMIT_EDITMSG
BASH/.git/FETCH_HEAD
BASH/.git/HEAD
BASH/.git/ORIG_HEAD
BASH/.git/config
BASH/.git/description
BASH/.git/index
BASH/.git/branches/
BASH/.git/hooks/
BASH/.git/hooks/applypatch-msg.sample
BASH/.git/hooks/commit-msg.sample
BASH/.git/hooks/fsmonitor-watchman.sample
BASH/.git/hooks/post-update.sample
BASH/.git/hooks/pre-applypatch.sample
BASH/.git/hooks/pre-commit.sample
BASH/.git/hooks/pre-merge-commit.sample
BASH/.git/hooks/pre-push.sample
BASH/.git/hooks/pre-rebase.sample
BASH/.git/hooks/pre-receive.sample
BASH/.git/hooks/prepare-commit-msg.sample
BASH/.git/hooks/push-to-checkout.sample
BASH/.git/hooks/sendemail-validate.sample
BASH/.git/hooks/update.sample
BASH/.git/info/
BASH/.git/info/exclude
BASH/.git/logs/
BASH/.git/logs/HEAD
BASH/.git/logs/refs/
BASH/.git/logs/refs/heads/
BASH/.git/logs/refs/heads/main
BASH/.git/logs/refs/remotes/
BASH/.git/logs/refs/remotes/origin/
BASH/.git/logs/refs/remotes/origin/main
BASH/.git/objects/
BASH/.git/objects/04/
BASH/.git/objects/04/05eb0b5ec755d1aee90336391307e518076dcd
BASH/.git/objects/06/
BASH/.git/objects/06/45f7a162c08e9d07f9ebb0042ba274d065ad23
BASH/.git/objects/06/ae62c437fa8287f62bdc17bd47a66232263c2d
BASH/.git/objects/09/
BASH/.git/objects/09/adbe9f9dcde5efcaa3838174974789b5b2e266
BASH/.git/objects/0d/
BASH/.git/objects/0d/e891e4848a80fbe520645d03e7136eb1fd4bad
BASH/.git/objects/10/
BASH/.git/objects/10/2dd64449efe98a2f75666f1eb5ae22713a4182
BASH/.git/objects/10/6fe75a4b53eb04b8a811218b6f53d500c1d3df
BASH/.git/objects/14/
BASH/.git/objects/14/19fdba198c2ad763ee5e682a97d7fbdb173d85
BASH/.git/objects/16/
BASH/.git/objects/16/a61f73df7fc3cfdea96d6a01c2dc59d1e082ea
BASH/.git/objects/17/
BASH/.git/objects/17/4dace95290b79e4934c3ec052f7ad4ac24ea68
BASH/.git/objects/1b/
BASH/.git/objects/1b/f283c5f808a18e6971e19f1a6537c085f457dc
BASH/.git/objects/1c/
BASH/.git/objects/1c/22ec41d6db0ad2343b42134ce3b0071403cfa9
BASH/.git/objects/25/
BASH/.git/objects/25/2e1945713f99b5d136858a738af90b12b6c611
BASH/.git/objects/29/
BASH/.git/objects/29/322eb5bef4b2d654bdbc9f62c878d028a95b59
BASH/.git/objects/36/
BASH/.git/objects/36/1d385bfd374a20f4a754ec38a0cb1c2c826f7b
BASH/.git/objects/3a/
BASH/.git/objects/3a/c9049431eb140e2b09be24c524b70f34995467
BASH/.git/objects/4e/
BASH/.git/objects/4e/174835355d6053d9a242f70e10ddbbf59c5978
BASH/.git/objects/4e/227615a34209ebdc10ebc7627e16936a6b217e
BASH/.git/objects/4e/a753fb37d249e8bb9097812943b59c17331850
BASH/.git/objects/50/
BASH/.git/objects/50/a6dac8f1c408f7312fffc2b630ca10735504b9
BASH/.git/objects/5a/
BASH/.git/objects/5a/e47c9b3f5f4a681ccc6e9dc72e6eea7e8a66e8
BASH/.git/objects/5f/
BASH/.git/objects/5f/d2d5c94a09bc9913dd48f31a361eb1aae6d0e5
BASH/.git/objects/63/
BASH/.git/objects/63/1f7f430cd84efb095cddb4c8899f0270249cf6
BASH/.git/objects/66/
BASH/.git/objects/66/de571c299a3a7c094aa67656b4bcf822f903bc
BASH/.git/objects/6a/
BASH/.git/objects/6a/0e7965478d8e0f661b520d88ddd8cc3222a2ba
BASH/.git/objects/6a/d0a0ae7fdc0150a016cc59f6d5d019ba5ed651
BASH/.git/objects/6f/
BASH/.git/objects/6f/8813107ba7409aa9bc1dcc49afdb53899d3e97
BASH/.git/objects/7b/
BASH/.git/objects/7b/26a2aa4e23c07cb13c1c1749056dd3d8dceb97
BASH/.git/objects/7c/
BASH/.git/objects/7c/880f0e66af53fff492d0fb081c6a2784d63a75
BASH/.git/objects/93/
BASH/.git/objects/93/a3ec401f661d8f13282bdcf6be4992e6a41849
BASH/.git/objects/98/
BASH/.git/objects/98/292656bff55ea6c07cbd33b946dcd64efe953d
BASH/.git/objects/9a/
BASH/.git/objects/9a/43855db87287432365702965e60bc84342e6c1
BASH/.git/objects/9c/
BASH/.git/objects/9c/9762028d67ac6776ac0fc4cdf2aee6d52438d3
BASH/.git/objects/9e/
BASH/.git/objects/9e/5d57a1e9d29241e41c15003557e9891bfa08ea
BASH/.git/objects/a3/
BASH/.git/objects/a3/9c6af156c2b2d5acd44a301a4c6b5cae583395
BASH/.git/objects/aa/
BASH/.git/objects/aa/1fc818b9670148966a07a0993e4e6ad26c9f58
BASH/.git/objects/af/
BASH/.git/objects/af/99a280b3aa00e921cf788f31ef27b015367f5b
BASH/.git/objects/b3/
BASH/.git/objects/b3/d89df255004eb44d58b4fbb7ff9136fc57c7fd
BASH/.git/objects/b5/
BASH/.git/objects/b5/28e4314e80d14e7bc4a8f730f6e370b7f35ee5
BASH/.git/objects/ba/
BASH/.git/objects/ba/e3aae5fe859b567e1b93a71f630d90b29952b2
BASH/.git/objects/be/
BASH/.git/objects/be/9f68aa04bdf84c014ccc054de5b1f392e52c2f
BASH/.git/objects/ce/
BASH/.git/objects/ce/3914fb25e3fe3c5911534c9d07110a4a32db98
BASH/.git/objects/ce/797e7c7b84c8133d49b62ab342517b49cf20a5
BASH/.git/objects/d5/
BASH/.git/objects/d5/6cd7df6d2427eb06e53b394763da26ad901481
BASH/.git/objects/dd/
BASH/.git/objects/dd/4a10493d80b84956cfdfebda9d473abfe05367
BASH/.git/objects/e0/
BASH/.git/objects/e0/17c14597156554a3cbcba34caab4f79db01487
BASH/.git/objects/e5/
BASH/.git/objects/e5/309f6b3c54e368f1191d63f39ae9a42a37e099
BASH/.git/objects/e6/
BASH/.git/objects/e6/9de29bb2d1d6434b8b29ae775ad8c2e48c5391
BASH/.git/objects/e7/
BASH/.git/objects/e7/ec2fe5acae1c04579525482110f6057007b1f1
BASH/.git/objects/ef/
BASH/.git/objects/ef/bf1aec73c87bf3127f798c1031358c27bbfa57
BASH/.git/objects/f7/
BASH/.git/objects/f7/a288340706ce68e62bccc8afd9dc22189910c8
BASH/.git/objects/info/
BASH/.git/objects/pack/
BASH/.git/refs/
BASH/.git/refs/heads/
BASH/.git/refs/heads/main
BASH/.git/refs/remotes/
BASH/.git/refs/remotes/origin/
BASH/.git/refs/remotes/origin/main
BASH/.git/refs/tags/

sent 85,957 bytes  received 2,183 bytes  176,280.00 bytes/sec
total size is 75,702  speedup is 0.86
